Flow report for vga_rot_banner
Sat Jan 18 09:03:46 2020
Quartus II 64-Bit Version 13.0.1 Build 232 06/12/2013 Service Pack 1 SJ Web Edition


---------------------
; Table of Contents ;
---------------------
  1. Legal Notice
  2. Flow Summary
  3. Flow Settings
  4. Flow Non-Default Global Settings
  5. Flow Elapsed Time
  6. Flow OS Summary
  7. Flow Log
  8. Flow Messages
  9. Flow Suppressed Messages



----------------
; Legal Notice ;
----------------
Copyright (C) 1991-2013 Altera Corporation
Your use of Altera Corporation's design tools, logic functions 
and other software and tools, and its AMPP partner logic 
functions, and any output files from any of the foregoing 
(including device programming or simulation files), and any 
associated documentation or information are expressly subject 
to the terms and conditions of the Altera Program License 
Subscription Agreement, Altera MegaCore Function License 
Agreement, or other applicable license agreement, including, 
without limitation, that your use is for the sole purpose of 
programming logic devices manufactured by Altera and sold by 
Altera or its authorized distributors.  Please refer to the 
applicable agreement for further details.



+--------------------------------------------------------------------------------------+
; Flow Summary                                                                         ;
+------------------------------------+-------------------------------------------------+
; Flow Status                        ; Successful - Sat Jan 18 09:03:41 2020           ;
; Quartus II 64-Bit Version          ; 13.0.1 Build 232 06/12/2013 SP 1 SJ Web Edition ;
; Revision Name                      ; vga_rot_banner                                  ;
; Top-level Entity Name              ; rot_banner_test                                 ;
; Family                             ; Cyclone II                                      ;
; Device                             ; EP2C20F484C7                                    ;
; Timing Models                      ; Final                                           ;
; Total logic elements               ; 211 / 18,752 ( 1 % )                            ;
;     Total combinational functions  ; 207 / 18,752 ( 1 % )                            ;
;     Dedicated logic registers      ; 58 / 18,752 ( < 1 % )                           ;
; Total registers                    ; 58                                              ;
; Total pins                         ; 23 / 315 ( 7 % )                                ;
; Total virtual pins                 ; 0                                               ;
; Total memory bits                  ; 18,176 / 239,616 ( 8 % )                        ;
; Embedded Multiplier 9-bit elements ; 0 / 52 ( 0 % )                                  ;
; Total PLLs                         ; 0 / 4 ( 0 % )                                   ;
+------------------------------------+-------------------------------------------------+


+-----------------------------------------+
; Flow Settings                           ;
+-------------------+---------------------+
; Option            ; Setting             ;
+-------------------+---------------------+
; Start date & time ; 01/18/2020 09:03:19 ;
; Main task         ; Compilation         ;
; Revision Name     ; vga_rot_banner      ;
+-------------------+---------------------+


+-----------------------------------------------------------------------------------------------------------------------+
; Flow Non-Default Global Settings                                                                                      ;
+-------------------------------------+---------------------------------+----------------+-----------------+------------+
; Assignment Name                     ; Value                           ; Default Value  ; Entity Name     ; Section Id ;
+-------------------------------------+---------------------------------+----------------+-----------------+------------+
; COMPILER_SIGNATURE_ID               ; 224655506514757.157933459907040 ; --             ; --              ; --         ;
; MAX_CORE_JUNCTION_TEMP              ; 85                              ; --             ; --              ; --         ;
; MIN_CORE_JUNCTION_TEMP              ; 0                               ; --             ; --              ; --         ;
; PARTITION_COLOR                     ; 16764057                        ; --             ; rot_banner_test ; Top        ;
; PARTITION_FITTER_PRESERVATION_LEVEL ; PLACEMENT_AND_ROUTING           ; --             ; rot_banner_test ; Top        ;
; PARTITION_NETLIST_TYPE              ; SOURCE                          ; --             ; rot_banner_test ; Top        ;
; PROJECT_OUTPUT_DIRECTORY            ; output_files                    ; --             ; --              ; --         ;
; TOP_LEVEL_ENTITY                    ; rot_banner_test                 ; vga_rot_banner ; --              ; --         ;
+-------------------------------------+---------------------------------+----------------+-----------------+------------+


+-------------------------------------------------------------------------------------------------------------------------------+
; Flow Elapsed Time                                                                                                             ;
+---------------------------+--------------+-------------------------+---------------------+------------------------------------+
; Module Name               ; Elapsed Time ; Average Processors Used ; Peak Virtual Memory ; Total CPU Time (on all processors) ;
+---------------------------+--------------+-------------------------+---------------------+------------------------------------+
; Analysis & Synthesis      ; 00:00:04     ; 1.0                     ; 4655 MB             ; 00:00:04                           ;
; Fitter                    ; 00:00:08     ; 1.0                     ; 4849 MB             ; 00:00:08                           ;
; Assembler                 ; 00:00:02     ; 1.0                     ; 4551 MB             ; 00:00:02                           ;
; TimeQuest Timing Analyzer ; 00:00:03     ; 1.0                     ; 4547 MB             ; 00:00:02                           ;
; Total                     ; 00:00:17     ; --                      ; --                  ; 00:00:16                           ;
+---------------------------+--------------+-------------------------+---------------------+------------------------------------+


+----------------------------------------------------------------------------------------+
; Flow OS Summary                                                                        ;
+---------------------------+------------------+-----------+------------+----------------+
; Module Name               ; Machine Hostname ; OS Name   ; OS Version ; Processor type ;
+---------------------------+------------------+-----------+------------+----------------+
; Analysis & Synthesis      ; DESKTOP-94ODMFF  ; Windows 7 ; 6.2        ; x86_64         ;
; Fitter                    ; DESKTOP-94ODMFF  ; Windows 7 ; 6.2        ; x86_64         ;
; Assembler                 ; DESKTOP-94ODMFF  ; Windows 7 ; 6.2        ; x86_64         ;
; TimeQuest Timing Analyzer ; DESKTOP-94ODMFF  ; Windows 7 ; 6.2        ; x86_64         ;
+---------------------------+------------------+-----------+------------+----------------+


------------
; Flow Log ;
------------
quartus_map --read_settings_files=on --write_settings_files=off vga_rot_banner -c vga_rot_banner
quartus_fit --read_settings_files=off --write_settings_files=off vga_rot_banner -c vga_rot_banner
quartus_asm --read_settings_files=off --write_settings_files=off vga_rot_banner -c vga_rot_banner
quartus_sta vga_rot_banner -c vga_rot_banner



