Analysis & Synthesis report for vga_rot_banner
Sat Jan 18 09:03:22 2020
Quartus II 64-Bit Version 13.0.1 Build 232 06/12/2013 Service Pack 1 SJ Web Edition


---------------------
; Table of Contents ;
---------------------
  1. Legal Notice
  2. Analysis & Synthesis Summary
  3. Analysis & Synthesis Settings
  4. Parallel Compilation
  5. Analysis & Synthesis Source Files Read
  6. Analysis & Synthesis Resource Usage Summary
  7. Analysis & Synthesis Resource Utilization by Entity
  8. Analysis & Synthesis RAM Summary
  9. User-Specified and Inferred Latches
 10. Registers Removed During Synthesis
 11. General Register Statistics
 12. Registers Added for RAM Pass-Through Logic
 13. Registers Packed Into Inferred Megafunctions
 14. Multiplexer Restructuring Statistics (Restructuring Performed)
 15. Source assignments for vga_rot_banner:rot_banner_unit|altera_dual_port_ram_sync:video_ram|altsyncram:ram_rtl_0|altsyncram_1gl1:auto_generated
 16. Source assignments for vga_rot_banner:rot_banner_unit|font_rom:font_unit|altsyncram:Mux7_rtl_0|altsyncram_g311:auto_generated
 17. Parameter Settings for User Entity Instance: vga_rot_banner:rot_banner_unit|altera_dual_port_ram_sync:video_ram
 18. Parameter Settings for Inferred Entity Instance: vga_rot_banner:rot_banner_unit|altera_dual_port_ram_sync:video_ram|altsyncram:ram_rtl_0
 19. Parameter Settings for Inferred Entity Instance: vga_rot_banner:rot_banner_unit|font_rom:font_unit|altsyncram:Mux7_rtl_0
 20. altsyncram Parameter Settings by Entity Instance
 21. Port Connectivity Checks: "vga_rot_banner:rot_banner_unit|altera_dual_port_ram_sync:video_ram"
 22. Elapsed Time Per Partition
 23. Analysis & Synthesis Messages



----------------
; Legal Notice ;
----------------
Copyright (C) 1991-2013 Altera Corporation
Your use of Altera Corporation's design tools, logic functions 
and other software and tools, and its AMPP partner logic 
functions, and any output files from any of the foregoing 
(including device programming or simulation files), and any 
associated documentation or information are expressly subject 
to the terms and conditions of the Altera Program License 
Subscription Agreement, Altera MegaCore Function License 
Agreement, or other applicable license agreement, including, 
without limitation, that your use is for the sole purpose of 
programming logic devices manufactured by Altera and sold by 
Altera or its authorized distributors.  Please refer to the 
applicable agreement for further details.



+--------------------------------------------------------------------------------------+
; Analysis & Synthesis Summary                                                         ;
+------------------------------------+-------------------------------------------------+
; Analysis & Synthesis Status        ; Successful - Sat Jan 18 09:03:22 2020           ;
; Quartus II 64-Bit Version          ; 13.0.1 Build 232 06/12/2013 SP 1 SJ Web Edition ;
; Revision Name                      ; vga_rot_banner                                  ;
; Top-level Entity Name              ; rot_banner_test                                 ;
; Family                             ; Cyclone II                                      ;
; Total logic elements               ; 213                                             ;
;     Total combinational functions  ; 207                                             ;
;     Dedicated logic registers      ; 58                                              ;
; Total registers                    ; 58                                              ;
; Total pins                         ; 23                                              ;
; Total virtual pins                 ; 0                                               ;
; Total memory bits                  ; 18,176                                          ;
; Embedded Multiplier 9-bit elements ; 0                                               ;
; Total PLLs                         ; 0                                               ;
+------------------------------------+-------------------------------------------------+


+----------------------------------------------------------------------------------------------------------------------+
; Analysis & Synthesis Settings                                                                                        ;
+----------------------------------------------------------------------------+--------------------+--------------------+
; Option                                                                     ; Setting            ; Default Value      ;
+----------------------------------------------------------------------------+--------------------+--------------------+
; Device                                                                     ; EP2C20F484C7       ;                    ;
; Top-level entity name                                                      ; rot_banner_test    ; vga_rot_banner     ;
; Family name                                                                ; Cyclone II         ; Cyclone IV GX      ;
; Use smart compilation                                                      ; Off                ; Off                ;
; Enable parallel Assembler and TimeQuest Timing Analyzer during compilation ; On                 ; On                 ;
; Enable compact report table                                                ; Off                ; Off                ;
; Restructure Multiplexers                                                   ; Auto               ; Auto               ;
; Create Debugging Nodes for IP Cores                                        ; Off                ; Off                ;
; Preserve fewer node names                                                  ; On                 ; On                 ;
; Disable OpenCore Plus hardware evaluation                                  ; Off                ; Off                ;
; Verilog Version                                                            ; Verilog_2001       ; Verilog_2001       ;
; VHDL Version                                                               ; VHDL_1993          ; VHDL_1993          ;
; State Machine Processing                                                   ; Auto               ; Auto               ;
; Safe State Machine                                                         ; Off                ; Off                ;
; Extract Verilog State Machines                                             ; On                 ; On                 ;
; Extract VHDL State Machines                                                ; On                 ; On                 ;
; Ignore Verilog initial constructs                                          ; Off                ; Off                ;
; Iteration limit for constant Verilog loops                                 ; 5000               ; 5000               ;
; Iteration limit for non-constant Verilog loops                             ; 250                ; 250                ;
; Add Pass-Through Logic to Inferred RAMs                                    ; On                 ; On                 ;
; Infer RAMs from Raw Logic                                                  ; On                 ; On                 ;
; Parallel Synthesis                                                         ; On                 ; On                 ;
; DSP Block Balancing                                                        ; Auto               ; Auto               ;
; NOT Gate Push-Back                                                         ; On                 ; On                 ;
; Power-Up Don't Care                                                        ; On                 ; On                 ;
; Remove Redundant Logic Cells                                               ; Off                ; Off                ;
; Remove Duplicate Registers                                                 ; On                 ; On                 ;
; Ignore CARRY Buffers                                                       ; Off                ; Off                ;
; Ignore CASCADE Buffers                                                     ; Off                ; Off                ;
; Ignore GLOBAL Buffers                                                      ; Off                ; Off                ;
; Ignore ROW GLOBAL Buffers                                                  ; Off                ; Off                ;
; Ignore LCELL Buffers                                                       ; Off                ; Off                ;
; Ignore SOFT Buffers                                                        ; On                 ; On                 ;
; Limit AHDL Integers to 32 Bits                                             ; Off                ; Off                ;
; Optimization Technique                                                     ; Balanced           ; Balanced           ;
; Carry Chain Length                                                         ; 70                 ; 70                 ;
; Auto Carry Chains                                                          ; On                 ; On                 ;
; Auto Open-Drain Pins                                                       ; On                 ; On                 ;
; Perform WYSIWYG Primitive Resynthesis                                      ; Off                ; Off                ;
; Auto ROM Replacement                                                       ; On                 ; On                 ;
; Auto RAM Replacement                                                       ; On                 ; On                 ;
; Auto Shift Register Replacement                                            ; Auto               ; Auto               ;
; Allow Shift Register Merging across Hierarchies                            ; Auto               ; Auto               ;
; Auto Clock Enable Replacement                                              ; On                 ; On                 ;
; Strict RAM Replacement                                                     ; Off                ; Off                ;
; Allow Synchronous Control Signals                                          ; On                 ; On                 ;
; Force Use of Synchronous Clear Signals                                     ; Off                ; Off                ;
; Auto RAM to Logic Cell Conversion                                          ; Off                ; Off                ;
; Auto Resource Sharing                                                      ; Off                ; Off                ;
; Allow Any RAM Size For Recognition                                         ; Off                ; Off                ;
; Allow Any ROM Size For Recognition                                         ; Off                ; Off                ;
; Allow Any Shift Register Size For Recognition                              ; Off                ; Off                ;
; Use LogicLock Constraints during Resource Balancing                        ; On                 ; On                 ;
; Ignore translate_off and synthesis_off directives                          ; Off                ; Off                ;
; Timing-Driven Synthesis                                                    ; Off                ; Off                ;
; Report Parameter Settings                                                  ; On                 ; On                 ;
; Report Source Assignments                                                  ; On                 ; On                 ;
; Report Connectivity Checks                                                 ; On                 ; On                 ;
; Ignore Maximum Fan-Out Assignments                                         ; Off                ; Off                ;
; Synchronization Register Chain Length                                      ; 2                  ; 2                  ;
; PowerPlay Power Optimization                                               ; Normal compilation ; Normal compilation ;
; HDL message level                                                          ; Level2             ; Level2             ;
; Suppress Register Optimization Related Messages                            ; Off                ; Off                ;
; Number of Removed Registers Reported in Synthesis Report                   ; 5000               ; 5000               ;
; Number of Swept Nodes Reported in Synthesis Report                         ; 5000               ; 5000               ;
; Number of Inverted Registers Reported in Synthesis Report                  ; 100                ; 100                ;
; Clock MUX Protection                                                       ; On                 ; On                 ;
; Auto Gated Clock Conversion                                                ; Off                ; Off                ;
; Block Design Naming                                                        ; Auto               ; Auto               ;
; SDC constraint protection                                                  ; Off                ; Off                ;
; Synthesis Effort                                                           ; Auto               ; Auto               ;
; Shift Register Replacement - Allow Asynchronous Clear Signal               ; On                 ; On                 ;
; Pre-Mapping Resynthesis Optimization                                       ; Off                ; Off                ;
; Analysis & Synthesis Message Level                                         ; Medium             ; Medium             ;
; Disable Register Merging Across Hierarchies                                ; Auto               ; Auto               ;
; Resource Aware Inference For Block RAM                                     ; On                 ; On                 ;
; Synthesis Seed                                                             ; 1                  ; 1                  ;
+----------------------------------------------------------------------------+--------------------+--------------------+


Parallel compilation was disabled, but you have multiple processors available. Enable parallel compilation to reduce compilation time.
+-------------------------------------+
; Parallel Compilation                ;
+----------------------------+--------+
; Processors                 ; Number ;
+----------------------------+--------+
; Number detected on machine ; 4      ;
; Maximum allowed            ; 1      ;
+----------------------------+--------+


+-----------------------------------------------------------------------------------------------------------------------------------------------------------------------------------+
; Analysis & Synthesis Source Files Read                                                                                                                                            ;
+----------------------------------+-----------------+------------------------------+-------------------------------------------------------------------------------------+---------+
; File Name with User-Entered Path ; Used in Netlist ; File Type                    ; File Name with Absolute Path                                                        ; Library ;
+----------------------------------+-----------------+------------------------------+-------------------------------------------------------------------------------------+---------+
; vga_sync.vhd                     ; yes             ; User VHDL File               ; C:/Users/John/Documents/myFpgaProjects/vga_rot_banner/vga_sync.vhd                  ;         ;
; font_rom.vhd                     ; yes             ; User VHDL File               ; C:/Users/John/Documents/myFpgaProjects/vga_rot_banner/font_rom.vhd                  ;         ;
; vga_rot_banner.vhd               ; yes             ; User VHDL File               ; C:/Users/John/Documents/myFpgaProjects/vga_rot_banner/vga_rot_banner.vhd            ;         ;
; altera_dual_port_ram_sync.vhd    ; yes             ; User VHDL File               ; C:/Users/John/Documents/myFpgaProjects/vga_rot_banner/altera_dual_port_ram_sync.vhd ;         ;
; rot_banner_test.vhd              ; yes             ; User VHDL File               ; C:/Users/John/Documents/myFpgaProjects/vga_rot_banner/rot_banner_test.vhd           ;         ;
; altsyncram.tdf                   ; yes             ; Megafunction                 ; c:/altera/13.0sp1/quartus/libraries/megafunctions/altsyncram.tdf                    ;         ;
; stratix_ram_block.inc            ; yes             ; Megafunction                 ; c:/altera/13.0sp1/quartus/libraries/megafunctions/stratix_ram_block.inc             ;         ;
; lpm_mux.inc                      ; yes             ; Megafunction                 ; c:/altera/13.0sp1/quartus/libraries/megafunctions/lpm_mux.inc                       ;         ;
; lpm_decode.inc                   ; yes             ; Megafunction                 ; c:/altera/13.0sp1/quartus/libraries/megafunctions/lpm_decode.inc                    ;         ;
; aglobal130.inc                   ; yes             ; Megafunction                 ; c:/altera/13.0sp1/quartus/libraries/megafunctions/aglobal130.inc                    ;         ;
; a_rdenreg.inc                    ; yes             ; Megafunction                 ; c:/altera/13.0sp1/quartus/libraries/megafunctions/a_rdenreg.inc                     ;         ;
; altrom.inc                       ; yes             ; Megafunction                 ; c:/altera/13.0sp1/quartus/libraries/megafunctions/altrom.inc                        ;         ;
; altram.inc                       ; yes             ; Megafunction                 ; c:/altera/13.0sp1/quartus/libraries/megafunctions/altram.inc                        ;         ;
; altdpram.inc                     ; yes             ; Megafunction                 ; c:/altera/13.0sp1/quartus/libraries/megafunctions/altdpram.inc                      ;         ;
; db/altsyncram_1gl1.tdf           ; yes             ; Auto-Generated Megafunction  ; C:/Users/John/Documents/myFpgaProjects/vga_rot_banner/db/altsyncram_1gl1.tdf        ;         ;
; db/altsyncram_g311.tdf           ; yes             ; Auto-Generated Megafunction  ; C:/Users/John/Documents/myFpgaProjects/vga_rot_banner/db/altsyncram_g311.tdf        ;         ;
+----------------------------------+-----------------+------------------------------+-------------------------------------------------------------------------------------+---------+


+--------------------------------------------------------+
; Analysis & Synthesis Resource Usage Summary            ;
+---------------------------------------------+----------+
; Resource                                    ; Usage    ;
+---------------------------------------------+----------+
; Estimated Total logic elements              ; 213      ;
;                                             ;          ;
; Total combinational functions               ; 207      ;
; Logic element usage by number of LUT inputs ;          ;
;     -- 4 input functions                    ; 92       ;
;     -- 3 input functions                    ; 19       ;
;     -- <=2 input functions                  ; 96       ;
;                                             ;          ;
; Logic elements by mode                      ;          ;
;     -- normal mode                          ; 134      ;
;     -- arithmetic mode                      ; 73       ;
;                                             ;          ;
; Total registers                             ; 58       ;
;     -- Dedicated logic registers            ; 58       ;
;     -- I/O registers                        ; 0        ;
;                                             ;          ;
; I/O pins                                    ; 23       ;
; Total memory bits                           ; 18176    ;
; Embedded Multiplier 9-bit elements          ; 0        ;
; Maximum fan-out node                        ; CLOCK_50 ;
; Maximum fan-out                             ; 73       ;
; Total fan-out                               ; 942      ;
; Average fan-out                             ; 3.11     ;
+---------------------------------------------+----------+


+-------------------------------------------------------------------------------------------------------------------------------------------------------------------------------------------------------------------------------------------------------------------------------------------------------------------+
; Analysis & Synthesis Resource Utilization by Entity                                                                                                                                                                                                                                                               ;
+----------------------------------------------+-------------------+--------------+-------------+--------------+---------+-----------+------+--------------+-----------------------------------------------------------------------------------------------------------------------------------------+--------------+
; Compilation Hierarchy Node                   ; LC Combinationals ; LC Registers ; Memory Bits ; DSP Elements ; DSP 9x9 ; DSP 18x18 ; Pins ; Virtual Pins ; Full Hierarchy Name                                                                                                                     ; Library Name ;
+----------------------------------------------+-------------------+--------------+-------------+--------------+---------+-----------+------+--------------+-----------------------------------------------------------------------------------------------------------------------------------------+--------------+
; |rot_banner_test                             ; 207 (1)           ; 58 (1)       ; 18176       ; 0            ; 0       ; 0         ; 23   ; 0            ; |rot_banner_test                                                                                                                        ; work         ;
;    |vga_rot_banner:rot_banner_unit|          ; 163 (163)         ; 34 (34)      ; 18176       ; 0            ; 0       ; 0         ; 0    ; 0            ; |rot_banner_test|vga_rot_banner:rot_banner_unit                                                                                         ; work         ;
;       |altera_dual_port_ram_sync:video_ram|  ; 0 (0)             ; 0 (0)        ; 1792        ; 0            ; 0       ; 0         ; 0    ; 0            ; |rot_banner_test|vga_rot_banner:rot_banner_unit|altera_dual_port_ram_sync:video_ram                                                     ; work         ;
;          |altsyncram:ram_rtl_0|              ; 0 (0)             ; 0 (0)        ; 1792        ; 0            ; 0       ; 0         ; 0    ; 0            ; |rot_banner_test|vga_rot_banner:rot_banner_unit|altera_dual_port_ram_sync:video_ram|altsyncram:ram_rtl_0                                ; work         ;
;             |altsyncram_1gl1:auto_generated| ; 0 (0)             ; 0 (0)        ; 1792        ; 0            ; 0       ; 0         ; 0    ; 0            ; |rot_banner_test|vga_rot_banner:rot_banner_unit|altera_dual_port_ram_sync:video_ram|altsyncram:ram_rtl_0|altsyncram_1gl1:auto_generated ; work         ;
;       |font_rom:font_unit|                   ; 0 (0)             ; 0 (0)        ; 16384       ; 0            ; 0       ; 0         ; 0    ; 0            ; |rot_banner_test|vga_rot_banner:rot_banner_unit|font_rom:font_unit                                                                      ; work         ;
;          |altsyncram:Mux7_rtl_0|             ; 0 (0)             ; 0 (0)        ; 16384       ; 0            ; 0       ; 0         ; 0    ; 0            ; |rot_banner_test|vga_rot_banner:rot_banner_unit|font_rom:font_unit|altsyncram:Mux7_rtl_0                                                ; work         ;
;             |altsyncram_g311:auto_generated| ; 0 (0)             ; 0 (0)        ; 16384       ; 0            ; 0       ; 0         ; 0    ; 0            ; |rot_banner_test|vga_rot_banner:rot_banner_unit|font_rom:font_unit|altsyncram:Mux7_rtl_0|altsyncram_g311:auto_generated                 ; work         ;
;    |vga_sync:vga_sync_unit|                  ; 43 (43)           ; 23 (23)      ; 0           ; 0            ; 0       ; 0         ; 0    ; 0            ; |rot_banner_test|vga_sync:vga_sync_unit                                                                                                 ; work         ;
+----------------------------------------------+-------------------+--------------+-------------+--------------+---------+-----------+------+--------------+-----------------------------------------------------------------------------------------------------------------------------------------+--------------+
Note: For table entries with two numbers listed, the numbers in parentheses indicate the number of resources of the given type used by the specific entity alone. The numbers listed outside of parentheses indicate the total resources of the given type used by the specific entity and all of its sub-entities in the hierarchy.


+-------------------------------------------------------------------------------------------------------------------------------------------------------------------------------------------------------------------------------------------------------------------------+
; Analysis & Synthesis RAM Summary                                                                                                                                                                                                                                        ;
+-----------------------------------------------------------------------------------------------------------------------------------+------+----------------+--------------+--------------+--------------+--------------+-------+-----------------------------------------+
; Name                                                                                                                              ; Type ; Mode           ; Port A Depth ; Port A Width ; Port B Depth ; Port B Width ; Size  ; MIF                                     ;
+-----------------------------------------------------------------------------------------------------------------------------------+------+----------------+--------------+--------------+--------------+--------------+-------+-----------------------------------------+
; vga_rot_banner:rot_banner_unit|altera_dual_port_ram_sync:video_ram|altsyncram:ram_rtl_0|altsyncram_1gl1:auto_generated|ALTSYNCRAM ; AUTO ; True Dual Port ; 256          ; 7            ; 256          ; 7            ; 1792  ; None                                    ;
; vga_rot_banner:rot_banner_unit|font_rom:font_unit|altsyncram:Mux7_rtl_0|altsyncram_g311:auto_generated|ALTSYNCRAM                 ; AUTO ; ROM            ; 2048         ; 8            ; --           ; --           ; 16384 ; vga_rot_banner.rot_banner_test0.rtl.mif ;
+-----------------------------------------------------------------------------------------------------------------------------------+------+----------------+--------------+--------------+--------------+--------------+-------+-----------------------------------------+


+---------------------------------------------------------------------------------------------------------------------+
; User-Specified and Inferred Latches                                                                                 ;
+----------------------------------------------------+---------------------------------------+------------------------+
; Latch Name                                         ; Latch Enable Signal                   ; Free of Timing Hazards ;
+----------------------------------------------------+---------------------------------------+------------------------+
; vga_rot_banner:rot_banner_unit|text_rgb[1]         ; vga_rot_banner:rot_banner_unit|Equal1 ; yes                    ;
; Number of user-specified and inferred latches = 1  ;                                       ;                        ;
+----------------------------------------------------+---------------------------------------+------------------------+
Note: All latches listed above may not be present at the end of synthesis due to various synthesis optimizations.


+-------------------------------------------------------------------------------------------------------------------------------------------------------------------------------------------+
; Registers Removed During Synthesis                                                                                                                                                        ;
+--------------------------------------------------------------------------------------------+----------------------------------------------------------------------------------------------+
; Register name                                                                              ; Reason for Removal                                                                           ;
+--------------------------------------------------------------------------------------------+----------------------------------------------------------------------------------------------+
; rgb_reg[0,2]                                                                               ; Stuck at GND due to stuck port data_in                                                       ;
; vga_rot_banner:rot_banner_unit|altera_dual_port_ram_sync:video_ram|addr_a_reg[0]           ; Merged with vga_rot_banner:rot_banner_unit|altera_dual_port_ram_sync:video_ram|addr_b_reg[0] ;
; vga_rot_banner:rot_banner_unit|altera_dual_port_ram_sync:video_ram|addr_a_reg[1]           ; Merged with vga_rot_banner:rot_banner_unit|altera_dual_port_ram_sync:video_ram|addr_b_reg[1] ;
; vga_rot_banner:rot_banner_unit|altera_dual_port_ram_sync:video_ram|addr_a_reg[2]           ; Merged with vga_rot_banner:rot_banner_unit|altera_dual_port_ram_sync:video_ram|addr_b_reg[2] ;
; vga_rot_banner:rot_banner_unit|altera_dual_port_ram_sync:video_ram|addr_a_reg[3]           ; Merged with vga_rot_banner:rot_banner_unit|altera_dual_port_ram_sync:video_ram|addr_b_reg[3] ;
; vga_rot_banner:rot_banner_unit|altera_dual_port_ram_sync:video_ram|addr_a_reg[4]           ; Merged with vga_rot_banner:rot_banner_unit|altera_dual_port_ram_sync:video_ram|addr_b_reg[4] ;
; vga_rot_banner:rot_banner_unit|altera_dual_port_ram_sync:video_ram|addr_a_reg[5]           ; Merged with vga_rot_banner:rot_banner_unit|altera_dual_port_ram_sync:video_ram|addr_b_reg[5] ;
; vga_rot_banner:rot_banner_unit|altera_dual_port_ram_sync:video_ram|addr_a_reg[6]           ; Merged with vga_rot_banner:rot_banner_unit|altera_dual_port_ram_sync:video_ram|addr_b_reg[6] ;
; vga_rot_banner:rot_banner_unit|altera_dual_port_ram_sync:video_ram|addr_a_reg[7]           ; Merged with vga_rot_banner:rot_banner_unit|altera_dual_port_ram_sync:video_ram|addr_b_reg[7] ;
; vga_rot_banner:rot_banner_unit|altera_dual_port_ram_sync:video_ram|ram_rtl_0_bypass[0..23] ; Lost fanout                                                                                  ;
; Total Number of Removed Registers = 34                                                     ;                                                                                              ;
+--------------------------------------------------------------------------------------------+----------------------------------------------------------------------------------------------+


+------------------------------------------------------+
; General Register Statistics                          ;
+----------------------------------------------+-------+
; Statistic                                    ; Value ;
+----------------------------------------------+-------+
; Total registers                              ; 58    ;
; Number of registers using Synchronous Clear  ; 0     ;
; Number of registers using Synchronous Load   ; 0     ;
; Number of registers using Asynchronous Clear ; 23    ;
; Number of registers using Asynchronous Load  ; 0     ;
; Number of registers using Clock Enable       ; 25    ;
; Number of registers using Preset             ; 0     ;
+----------------------------------------------+-------+


+------------------------------------------------------------------------------------------------------------------------------------------------------------------------+
; Registers Added for RAM Pass-Through Logic                                                                                                                             ;
+-----------------------------------------------------------------------------------------+------------------------------------------------------------------------------+
; Register Name                                                                           ; RAM Name                                                                     ;
+-----------------------------------------------------------------------------------------+------------------------------------------------------------------------------+
; vga_rot_banner:rot_banner_unit|altera_dual_port_ram_sync:video_ram|ram_rtl_0_bypass[0]  ; vga_rot_banner:rot_banner_unit|altera_dual_port_ram_sync:video_ram|ram_rtl_0 ;
; vga_rot_banner:rot_banner_unit|altera_dual_port_ram_sync:video_ram|ram_rtl_0_bypass[1]  ; vga_rot_banner:rot_banner_unit|altera_dual_port_ram_sync:video_ram|ram_rtl_0 ;
; vga_rot_banner:rot_banner_unit|altera_dual_port_ram_sync:video_ram|ram_rtl_0_bypass[2]  ; vga_rot_banner:rot_banner_unit|altera_dual_port_ram_sync:video_ram|ram_rtl_0 ;
; vga_rot_banner:rot_banner_unit|altera_dual_port_ram_sync:video_ram|ram_rtl_0_bypass[3]  ; vga_rot_banner:rot_banner_unit|altera_dual_port_ram_sync:video_ram|ram_rtl_0 ;
; vga_rot_banner:rot_banner_unit|altera_dual_port_ram_sync:video_ram|ram_rtl_0_bypass[4]  ; vga_rot_banner:rot_banner_unit|altera_dual_port_ram_sync:video_ram|ram_rtl_0 ;
; vga_rot_banner:rot_banner_unit|altera_dual_port_ram_sync:video_ram|ram_rtl_0_bypass[5]  ; vga_rot_banner:rot_banner_unit|altera_dual_port_ram_sync:video_ram|ram_rtl_0 ;
; vga_rot_banner:rot_banner_unit|altera_dual_port_ram_sync:video_ram|ram_rtl_0_bypass[6]  ; vga_rot_banner:rot_banner_unit|altera_dual_port_ram_sync:video_ram|ram_rtl_0 ;
; vga_rot_banner:rot_banner_unit|altera_dual_port_ram_sync:video_ram|ram_rtl_0_bypass[7]  ; vga_rot_banner:rot_banner_unit|altera_dual_port_ram_sync:video_ram|ram_rtl_0 ;
; vga_rot_banner:rot_banner_unit|altera_dual_port_ram_sync:video_ram|ram_rtl_0_bypass[8]  ; vga_rot_banner:rot_banner_unit|altera_dual_port_ram_sync:video_ram|ram_rtl_0 ;
; vga_rot_banner:rot_banner_unit|altera_dual_port_ram_sync:video_ram|ram_rtl_0_bypass[9]  ; vga_rot_banner:rot_banner_unit|altera_dual_port_ram_sync:video_ram|ram_rtl_0 ;
; vga_rot_banner:rot_banner_unit|altera_dual_port_ram_sync:video_ram|ram_rtl_0_bypass[10] ; vga_rot_banner:rot_banner_unit|altera_dual_port_ram_sync:video_ram|ram_rtl_0 ;
; vga_rot_banner:rot_banner_unit|altera_dual_port_ram_sync:video_ram|ram_rtl_0_bypass[11] ; vga_rot_banner:rot_banner_unit|altera_dual_port_ram_sync:video_ram|ram_rtl_0 ;
; vga_rot_banner:rot_banner_unit|altera_dual_port_ram_sync:video_ram|ram_rtl_0_bypass[12] ; vga_rot_banner:rot_banner_unit|altera_dual_port_ram_sync:video_ram|ram_rtl_0 ;
; vga_rot_banner:rot_banner_unit|altera_dual_port_ram_sync:video_ram|ram_rtl_0_bypass[13] ; vga_rot_banner:rot_banner_unit|altera_dual_port_ram_sync:video_ram|ram_rtl_0 ;
; vga_rot_banner:rot_banner_unit|altera_dual_port_ram_sync:video_ram|ram_rtl_0_bypass[14] ; vga_rot_banner:rot_banner_unit|altera_dual_port_ram_sync:video_ram|ram_rtl_0 ;
; vga_rot_banner:rot_banner_unit|altera_dual_port_ram_sync:video_ram|ram_rtl_0_bypass[15] ; vga_rot_banner:rot_banner_unit|altera_dual_port_ram_sync:video_ram|ram_rtl_0 ;
; vga_rot_banner:rot_banner_unit|altera_dual_port_ram_sync:video_ram|ram_rtl_0_bypass[16] ; vga_rot_banner:rot_banner_unit|altera_dual_port_ram_sync:video_ram|ram_rtl_0 ;
; vga_rot_banner:rot_banner_unit|altera_dual_port_ram_sync:video_ram|ram_rtl_0_bypass[17] ; vga_rot_banner:rot_banner_unit|altera_dual_port_ram_sync:video_ram|ram_rtl_0 ;
; vga_rot_banner:rot_banner_unit|altera_dual_port_ram_sync:video_ram|ram_rtl_0_bypass[18] ; vga_rot_banner:rot_banner_unit|altera_dual_port_ram_sync:video_ram|ram_rtl_0 ;
; vga_rot_banner:rot_banner_unit|altera_dual_port_ram_sync:video_ram|ram_rtl_0_bypass[19] ; vga_rot_banner:rot_banner_unit|altera_dual_port_ram_sync:video_ram|ram_rtl_0 ;
; vga_rot_banner:rot_banner_unit|altera_dual_port_ram_sync:video_ram|ram_rtl_0_bypass[20] ; vga_rot_banner:rot_banner_unit|altera_dual_port_ram_sync:video_ram|ram_rtl_0 ;
; vga_rot_banner:rot_banner_unit|altera_dual_port_ram_sync:video_ram|ram_rtl_0_bypass[21] ; vga_rot_banner:rot_banner_unit|altera_dual_port_ram_sync:video_ram|ram_rtl_0 ;
; vga_rot_banner:rot_banner_unit|altera_dual_port_ram_sync:video_ram|ram_rtl_0_bypass[22] ; vga_rot_banner:rot_banner_unit|altera_dual_port_ram_sync:video_ram|ram_rtl_0 ;
; vga_rot_banner:rot_banner_unit|altera_dual_port_ram_sync:video_ram|ram_rtl_0_bypass[23] ; vga_rot_banner:rot_banner_unit|altera_dual_port_ram_sync:video_ram|ram_rtl_0 ;
+-----------------------------------------------------------------------------------------+------------------------------------------------------------------------------+


+---------------------------------------------------------------------------------------------------------------------------------------------------------------------------+
; Registers Packed Into Inferred Megafunctions                                                                                                                              ;
+-------------------------------------------------------------------------------------+------------------------------------------------------------------------------+------+
; Register Name                                                                       ; Megafunction                                                                 ; Type ;
+-------------------------------------------------------------------------------------+------------------------------------------------------------------------------+------+
; vga_rot_banner:rot_banner_unit|altera_dual_port_ram_sync:video_ram|addr_b_reg[0..7] ; vga_rot_banner:rot_banner_unit|altera_dual_port_ram_sync:video_ram|ram_rtl_0 ; RAM  ;
; vga_rot_banner:rot_banner_unit|font_rom:font_unit|data_reg[0..7]                    ; vga_rot_banner:rot_banner_unit|font_rom:font_unit|Mux7_rtl_0                 ; ROM  ;
+-------------------------------------------------------------------------------------+------------------------------------------------------------------------------+------+


+----------------------------------------------------------------------------------------------------------------------------------------------------------------------+
; Multiplexer Restructuring Statistics (Restructuring Performed)                                                                                                       ;
+--------------------+-----------+---------------+----------------------+------------------------+------------+--------------------------------------------------------+
; Multiplexer Inputs ; Bus Width ; Baseline Area ; Area if Restructured ; Saving if Restructured ; Registered ; Example Multiplexer Output                             ;
+--------------------+-----------+---------------+----------------------+------------------------+------------+--------------------------------------------------------+
; 18:1               ; 4 bits    ; 48 LEs        ; 48 LEs               ; 0 LEs                  ; No         ; |rot_banner_test|vga_rot_banner:rot_banner_unit|din[1] ;
+--------------------+-----------+---------------+----------------------+------------------------+------------+--------------------------------------------------------+


+-----------------------------------------------------------------------------------------------------------------------------------------------+
; Source assignments for vga_rot_banner:rot_banner_unit|altera_dual_port_ram_sync:video_ram|altsyncram:ram_rtl_0|altsyncram_1gl1:auto_generated ;
+---------------------------------+--------------------+------+---------------------------------------------------------------------------------+
; Assignment                      ; Value              ; From ; To                                                                              ;
+---------------------------------+--------------------+------+---------------------------------------------------------------------------------+
; OPTIMIZE_POWER_DURING_SYNTHESIS ; NORMAL_COMPILATION ; -    ; -                                                                               ;
+---------------------------------+--------------------+------+---------------------------------------------------------------------------------+


+-------------------------------------------------------------------------------------------------------------------------------+
; Source assignments for vga_rot_banner:rot_banner_unit|font_rom:font_unit|altsyncram:Mux7_rtl_0|altsyncram_g311:auto_generated ;
+---------------------------------+--------------------+------+-----------------------------------------------------------------+
; Assignment                      ; Value              ; From ; To                                                              ;
+---------------------------------+--------------------+------+-----------------------------------------------------------------+
; OPTIMIZE_POWER_DURING_SYNTHESIS ; NORMAL_COMPILATION ; -    ; -                                                               ;
+---------------------------------+--------------------+------+-----------------------------------------------------------------+


+-----------------------------------------------------------------------------------------------------------------+
; Parameter Settings for User Entity Instance: vga_rot_banner:rot_banner_unit|altera_dual_port_ram_sync:video_ram ;
+----------------+-------+----------------------------------------------------------------------------------------+
; Parameter Name ; Value ; Type                                                                                   ;
+----------------+-------+----------------------------------------------------------------------------------------+
; addr_width     ; 8     ; Signed Integer                                                                         ;
; data_width     ; 7     ; Signed Integer                                                                         ;
+----------------+-------+----------------------------------------------------------------------------------------+
Note: In order to hide this table in the UI and the text report file, please set the "Show Parameter Settings in Synthesis Report" option in "Analysis and Synthesis Settings -> More Settings" to "Off".


+------------------------------------------------------------------------------------------------------------------------------------------+
; Parameter Settings for Inferred Entity Instance: vga_rot_banner:rot_banner_unit|altera_dual_port_ram_sync:video_ram|altsyncram:ram_rtl_0 ;
+------------------------------------+----------------------+------------------------------------------------------------------------------+
; Parameter Name                     ; Value                ; Type                                                                         ;
+------------------------------------+----------------------+------------------------------------------------------------------------------+
; BYTE_SIZE_BLOCK                    ; 8                    ; Untyped                                                                      ;
; AUTO_CARRY_CHAINS                  ; ON                   ; AUTO_CARRY                                                                   ;
; IGNORE_CARRY_BUFFERS               ; OFF                  ; IGNORE_CARRY                                                                 ;
; AUTO_CASCADE_CHAINS                ; ON                   ; AUTO_CASCADE                                                                 ;
; IGNORE_CASCADE_BUFFERS             ; OFF                  ; IGNORE_CASCADE                                                               ;
; WIDTH_BYTEENA                      ; 1                    ; Untyped                                                                      ;
; OPERATION_MODE                     ; BIDIR_DUAL_PORT      ; Untyped                                                                      ;
; WIDTH_A                            ; 7                    ; Untyped                                                                      ;
; WIDTHAD_A                          ; 8                    ; Untyped                                                                      ;
; NUMWORDS_A                         ; 256                  ; Untyped                                                                      ;
; OUTDATA_REG_A                      ; UNREGISTERED         ; Untyped                                                                      ;
; ADDRESS_ACLR_A                     ; NONE                 ; Untyped                                                                      ;
; OUTDATA_ACLR_A                     ; NONE                 ; Untyped                                                                      ;
; WRCONTROL_ACLR_A                   ; NONE                 ; Untyped                                                                      ;
; INDATA_ACLR_A                      ; NONE                 ; Untyped                                                                      ;
; BYTEENA_ACLR_A                     ; NONE                 ; Untyped                                                                      ;
; WIDTH_B                            ; 7                    ; Untyped                                                                      ;
; WIDTHAD_B                          ; 8                    ; Untyped                                                                      ;
; NUMWORDS_B                         ; 256                  ; Untyped                                                                      ;
; INDATA_REG_B                       ; CLOCK0               ; Untyped                                                                      ;
; WRCONTROL_WRADDRESS_REG_B          ; CLOCK0               ; Untyped                                                                      ;
; RDCONTROL_REG_B                    ; CLOCK1               ; Untyped                                                                      ;
; ADDRESS_REG_B                      ; CLOCK0               ; Untyped                                                                      ;
; OUTDATA_REG_B                      ; UNREGISTERED         ; Untyped                                                                      ;
; BYTEENA_REG_B                      ; CLOCK1               ; Untyped                                                                      ;
; INDATA_ACLR_B                      ; NONE                 ; Untyped                                                                      ;
; WRCONTROL_ACLR_B                   ; NONE                 ; Untyped                                                                      ;
; ADDRESS_ACLR_B                     ; NONE                 ; Untyped                                                                      ;
; OUTDATA_ACLR_B                     ; NONE                 ; Untyped                                                                      ;
; RDCONTROL_ACLR_B                   ; NONE                 ; Untyped                                                                      ;
; BYTEENA_ACLR_B                     ; NONE                 ; Untyped                                                                      ;
; WIDTH_BYTEENA_A                    ; 1                    ; Untyped                                                                      ;
; WIDTH_BYTEENA_B                    ; 1                    ; Untyped                                                                      ;
; RAM_BLOCK_TYPE                     ; AUTO                 ; Untyped                                                                      ;
; BYTE_SIZE                          ; 8                    ; Untyped                                                                      ;
; READ_DURING_WRITE_MODE_MIXED_PORTS ; DONT_CARE            ; Untyped                                                                      ;
; READ_DURING_WRITE_MODE_PORT_A      ; NEW_DATA_NO_NBE_READ ; Untyped                                                                      ;
; READ_DURING_WRITE_MODE_PORT_B      ; NEW_DATA_NO_NBE_READ ; Untyped                                                                      ;
; INIT_FILE                          ; UNUSED               ; Untyped                                                                      ;
; INIT_FILE_LAYOUT                   ; PORT_A               ; Untyped                                                                      ;
; MAXIMUM_DEPTH                      ; 0                    ; Untyped                                                                      ;
; CLOCK_ENABLE_INPUT_A               ; NORMAL               ; Untyped                                                                      ;
; CLOCK_ENABLE_INPUT_B               ; NORMAL               ; Untyped                                                                      ;
; CLOCK_ENABLE_OUTPUT_A              ; NORMAL               ; Untyped                                                                      ;
; CLOCK_ENABLE_OUTPUT_B              ; NORMAL               ; Untyped                                                                      ;
; CLOCK_ENABLE_CORE_A                ; USE_INPUT_CLKEN      ; Untyped                                                                      ;
; CLOCK_ENABLE_CORE_B                ; USE_INPUT_CLKEN      ; Untyped                                                                      ;
; ENABLE_ECC                         ; FALSE                ; Untyped                                                                      ;
; ECC_PIPELINE_STAGE_ENABLED         ; FALSE                ; Untyped                                                                      ;
; WIDTH_ECCSTATUS                    ; 3                    ; Untyped                                                                      ;
; DEVICE_FAMILY                      ; Cyclone II           ; Untyped                                                                      ;
; CBXI_PARAMETER                     ; altsyncram_1gl1      ; Untyped                                                                      ;
+------------------------------------+----------------------+------------------------------------------------------------------------------+
Note: In order to hide this table in the UI and the text report file, please set the "Show Parameter Settings in Synthesis Report" option in "Analysis and Synthesis Settings -> More Settings" to "Off".


+--------------------------------------------------------------------------------------------------------------------------+
; Parameter Settings for Inferred Entity Instance: vga_rot_banner:rot_banner_unit|font_rom:font_unit|altsyncram:Mux7_rtl_0 ;
+------------------------------------+-----------------------------------------+-------------------------------------------+
; Parameter Name                     ; Value                                   ; Type                                      ;
+------------------------------------+-----------------------------------------+-------------------------------------------+
; BYTE_SIZE_BLOCK                    ; 8                                       ; Untyped                                   ;
; AUTO_CARRY_CHAINS                  ; ON                                      ; AUTO_CARRY                                ;
; IGNORE_CARRY_BUFFERS               ; OFF                                     ; IGNORE_CARRY                              ;
; AUTO_CASCADE_CHAINS                ; ON                                      ; AUTO_CASCADE                              ;
; IGNORE_CASCADE_BUFFERS             ; OFF                                     ; IGNORE_CASCADE                            ;
; WIDTH_BYTEENA                      ; 1                                       ; Untyped                                   ;
; OPERATION_MODE                     ; ROM                                     ; Untyped                                   ;
; WIDTH_A                            ; 8                                       ; Untyped                                   ;
; WIDTHAD_A                          ; 11                                      ; Untyped                                   ;
; NUMWORDS_A                         ; 2048                                    ; Untyped                                   ;
; OUTDATA_REG_A                      ; UNREGISTERED                            ; Untyped                                   ;
; ADDRESS_ACLR_A                     ; NONE                                    ; Untyped                                   ;
; OUTDATA_ACLR_A                     ; NONE                                    ; Untyped                                   ;
; WRCONTROL_ACLR_A                   ; NONE                                    ; Untyped                                   ;
; INDATA_ACLR_A                      ; NONE                                    ; Untyped                                   ;
; BYTEENA_ACLR_A                     ; NONE                                    ; Untyped                                   ;
; WIDTH_B                            ; 1                                       ; Untyped                                   ;
; WIDTHAD_B                          ; 1                                       ; Untyped                                   ;
; NUMWORDS_B                         ; 1                                       ; Untyped                                   ;
; INDATA_REG_B                       ; CLOCK1                                  ; Untyped                                   ;
; WRCONTROL_WRADDRESS_REG_B          ; CLOCK1                                  ; Untyped                                   ;
; RDCONTROL_REG_B                    ; CLOCK1                                  ; Untyped                                   ;
; ADDRESS_REG_B                      ; CLOCK1                                  ; Untyped                                   ;
; OUTDATA_REG_B                      ; UNREGISTERED                            ; Untyped                                   ;
; BYTEENA_REG_B                      ; CLOCK1                                  ; Untyped                                   ;
; INDATA_ACLR_B                      ; NONE                                    ; Untyped                                   ;
; WRCONTROL_ACLR_B                   ; NONE                                    ; Untyped                                   ;
; ADDRESS_ACLR_B                     ; NONE                                    ; Untyped                                   ;
; OUTDATA_ACLR_B                     ; NONE                                    ; Untyped                                   ;
; RDCONTROL_ACLR_B                   ; NONE                                    ; Untyped                                   ;
; BYTEENA_ACLR_B                     ; NONE                                    ; Untyped                                   ;
; WIDTH_BYTEENA_A                    ; 1                                       ; Untyped                                   ;
; WIDTH_BYTEENA_B                    ; 1                                       ; Untyped                                   ;
; RAM_BLOCK_TYPE                     ; AUTO                                    ; Untyped                                   ;
; BYTE_SIZE                          ; 8                                       ; Untyped                                   ;
; READ_DURING_WRITE_MODE_MIXED_PORTS ; DONT_CARE                               ; Untyped                                   ;
; READ_DURING_WRITE_MODE_PORT_A      ; NEW_DATA_NO_NBE_READ                    ; Untyped                                   ;
; READ_DURING_WRITE_MODE_PORT_B      ; NEW_DATA_NO_NBE_READ                    ; Untyped                                   ;
; INIT_FILE                          ; vga_rot_banner.rot_banner_test0.rtl.mif ; Untyped                                   ;
; INIT_FILE_LAYOUT                   ; PORT_A                                  ; Untyped                                   ;
; MAXIMUM_DEPTH                      ; 0                                       ; Untyped                                   ;
; CLOCK_ENABLE_INPUT_A               ; NORMAL                                  ; Untyped                                   ;
; CLOCK_ENABLE_INPUT_B               ; NORMAL                                  ; Untyped                                   ;
; CLOCK_ENABLE_OUTPUT_A              ; NORMAL                                  ; Untyped                                   ;
; CLOCK_ENABLE_OUTPUT_B              ; NORMAL                                  ; Untyped                                   ;
; CLOCK_ENABLE_CORE_A                ; USE_INPUT_CLKEN                         ; Untyped                                   ;
; CLOCK_ENABLE_CORE_B                ; USE_INPUT_CLKEN                         ; Untyped                                   ;
; ENABLE_ECC                         ; FALSE                                   ; Untyped                                   ;
; ECC_PIPELINE_STAGE_ENABLED         ; FALSE                                   ; Untyped                                   ;
; WIDTH_ECCSTATUS                    ; 3                                       ; Untyped                                   ;
; DEVICE_FAMILY                      ; Cyclone II                              ; Untyped                                   ;
; CBXI_PARAMETER                     ; altsyncram_g311                         ; Untyped                                   ;
+------------------------------------+-----------------------------------------+-------------------------------------------+
Note: In order to hide this table in the UI and the text report file, please set the "Show Parameter Settings in Synthesis Report" option in "Analysis and Synthesis Settings -> More Settings" to "Off".


+-------------------------------------------------------------------------------------------------------------------------------------+
; altsyncram Parameter Settings by Entity Instance                                                                                    ;
+-------------------------------------------+-----------------------------------------------------------------------------------------+
; Name                                      ; Value                                                                                   ;
+-------------------------------------------+-----------------------------------------------------------------------------------------+
; Number of entity instances                ; 2                                                                                       ;
; Entity Instance                           ; vga_rot_banner:rot_banner_unit|altera_dual_port_ram_sync:video_ram|altsyncram:ram_rtl_0 ;
;     -- OPERATION_MODE                     ; BIDIR_DUAL_PORT                                                                         ;
;     -- WIDTH_A                            ; 7                                                                                       ;
;     -- NUMWORDS_A                         ; 256                                                                                     ;
;     -- OUTDATA_REG_A                      ; UNREGISTERED                                                                            ;
;     -- WIDTH_B                            ; 7                                                                                       ;
;     -- NUMWORDS_B                         ; 256                                                                                     ;
;     -- ADDRESS_REG_B                      ; CLOCK0                                                                                  ;
;     -- OUTDATA_REG_B                      ; UNREGISTERED                                                                            ;
;     -- RAM_BLOCK_TYPE                     ; AUTO                                                                                    ;
;     -- READ_DURING_WRITE_MODE_MIXED_PORTS ; DONT_CARE                                                                               ;
; Entity Instance                           ; vga_rot_banner:rot_banner_unit|font_rom:font_unit|altsyncram:Mux7_rtl_0                 ;
;     -- OPERATION_MODE                     ; ROM                                                                                     ;
;     -- WIDTH_A                            ; 8                                                                                       ;
;     -- NUMWORDS_A                         ; 2048                                                                                    ;
;     -- OUTDATA_REG_A                      ; UNREGISTERED                                                                            ;
;     -- WIDTH_B                            ; 1                                                                                       ;
;     -- NUMWORDS_B                         ; 1                                                                                       ;
;     -- ADDRESS_REG_B                      ; CLOCK1                                                                                  ;
;     -- OUTDATA_REG_B                      ; UNREGISTERED                                                                            ;
;     -- RAM_BLOCK_TYPE                     ; AUTO                                                                                    ;
;     -- READ_DURING_WRITE_MODE_MIXED_PORTS ; DONT_CARE                                                                               ;
+-------------------------------------------+-----------------------------------------------------------------------------------------+


+------------------------------------------------------------------------------------------------------------------+
; Port Connectivity Checks: "vga_rot_banner:rot_banner_unit|altera_dual_port_ram_sync:video_ram"                   ;
+--------+--------+----------+-------------------------------------------------------------------------------------+
; Port   ; Type   ; Severity ; Details                                                                             ;
+--------+--------+----------+-------------------------------------------------------------------------------------+
; we     ; Input  ; Info     ; Stuck at VCC                                                                        ;
; dout_a ; Output ; Info     ; Connected to dangling logic. Logic that only feeds a dangling port will be removed. ;
+--------+--------+----------+-------------------------------------------------------------------------------------+


+-------------------------------+
; Elapsed Time Per Partition    ;
+----------------+--------------+
; Partition Name ; Elapsed Time ;
+----------------+--------------+
; Top            ; 00:00:01     ;
+----------------+--------------+


+-------------------------------+
; Analysis & Synthesis Messages ;
+-------------------------------+
Info: *******************************************************************
Info: Running Quartus II 64-Bit Analysis & Synthesis
    Info: Version 13.0.1 Build 232 06/12/2013 Service Pack 1 SJ Web Edition
    Info: Processing started: Sat Jan 18 09:03:18 2020
Info: Command: quartus_map --read_settings_files=on --write_settings_files=off vga_rot_banner -c vga_rot_banner
Warning (20028): Parallel compilation is not licensed and has been disabled
Info (12021): Found 2 design units, including 1 entities, in source file vga_sync.vhd
    Info (12022): Found design unit 1: vga_sync-arch
    Info (12023): Found entity 1: vga_sync
Info (12021): Found 2 design units, including 1 entities, in source file font_rom.vhd
    Info (12022): Found design unit 1: font_rom-arch
    Info (12023): Found entity 1: font_rom
Info (12021): Found 2 design units, including 1 entities, in source file vga_rot_banner.vhd
    Info (12022): Found design unit 1: vga_rot_banner-arch
    Info (12023): Found entity 1: vga_rot_banner
Info (12021): Found 2 design units, including 1 entities, in source file altera_dual_port_ram_sync.vhd
    Info (12022): Found design unit 1: altera_dual_port_ram_sync-beh_arch
    Info (12023): Found entity 1: altera_dual_port_ram_sync
Info (12021): Found 2 design units, including 1 entities, in source file rot_banner_test.vhd
    Info (12022): Found design unit 1: rot_banner_test-arch
    Info (12023): Found entity 1: rot_banner_test
Info (12127): Elaborating entity "rot_banner_test" for the top level hierarchy
Info (12128): Elaborating entity "vga_sync" for hierarchy "vga_sync:vga_sync_unit"
Info (12128): Elaborating entity "vga_rot_banner" for hierarchy "vga_rot_banner:rot_banner_unit"
Warning (10036): Verilog HDL or VHDL warning at vga_rot_banner.vhd(39): object "pix_y2_reg" assigned a value but never read
Warning (10492): VHDL Process Statement warning at vga_rot_banner.vhd(110): signal "text_on" is read inside the Process Statement but isn't in the Process Statement's sensitivity list
Warning (10631): VHDL Process Statement warning at vga_rot_banner.vhd(105): inferring latch(es) for signal or variable "text_rgb", which holds its previous value in one or more paths through the process
Info (10041): Inferred latch for "text_rgb[0]" at vga_rot_banner.vhd(105)
Info (10041): Inferred latch for "text_rgb[1]" at vga_rot_banner.vhd(105)
Info (10041): Inferred latch for "text_rgb[2]" at vga_rot_banner.vhd(105)
Info (12128): Elaborating entity "font_rom" for hierarchy "vga_rot_banner:rot_banner_unit|font_rom:font_unit"
Info (12128): Elaborating entity "altera_dual_port_ram_sync" for hierarchy "vga_rot_banner:rot_banner_unit|altera_dual_port_ram_sync:video_ram"
Warning (276020): Inferred RAM node "vga_rot_banner:rot_banner_unit|altera_dual_port_ram_sync:video_ram|ram_rtl_0" from synchronous design logic.  Pass-through logic has been added to match the read-during-write behavior of the original design.
Info (19000): Inferred 2 megafunctions from design logic
    Info (276029): Inferred altsyncram megafunction from the following design logic: "vga_rot_banner:rot_banner_unit|altera_dual_port_ram_sync:video_ram|ram_rtl_0" 
        Info (286033): Parameter OPERATION_MODE set to BIDIR_DUAL_PORT
        Info (286033): Parameter WIDTH_A set to 7
        Info (286033): Parameter WIDTH_B set to 7
        Info (286033): Parameter WIDTHAD_A set to 8
        Info (286033): Parameter WIDTHAD_B set to 8
        Info (286033): Parameter NUMWORDS_A set to 256
        Info (286033): Parameter NUMWORDS_B set to 256
        Info (286033): Parameter OUTDATA_REG_A set to UNREGISTERED
        Info (286033): Parameter OUTDATA_REG_B set to UNREGISTERED
        Info (286033): Parameter ADDRESS_REG_B set to CLOCK0
        Info (286033): Parameter INDATA_REG_B set to CLOCK0
        Info (286033): Parameter WRCONTROL_WRADDRESS_REG_B set to CLOCK0
        Info (286033): Parameter INDATA_ACLR_A set to NONE
        Info (286033): Parameter WRCONTROL_ACLR_A set to NONE
        Info (286033): Parameter ADDRESS_ACLR_A set to NONE
        Info (286033): Parameter ADDRESS_ACLR_B set to NONE
        Info (286033): Parameter OUTDATA_ACLR_B set to NONE
    Info (276031): Inferred altsyncram megafunction from the following design logic: "vga_rot_banner:rot_banner_unit|font_rom:font_unit|Mux7_rtl_0"
        Info (286033): Parameter OPERATION_MODE set to ROM
        Info (286033): Parameter WIDTH_A set to 8
        Info (286033): Parameter WIDTHAD_A set to 11
        Info (286033): Parameter NUMWORDS_A set to 2048
        Info (286033): Parameter OUTDATA_REG_A set to UNREGISTERED
        Info (286033): Parameter RAM_BLOCK_TYPE set to AUTO
        Info (286033): Parameter INIT_FILE set to vga_rot_banner.rot_banner_test0.rtl.mif
Info (12130): Elaborated megafunction instantiation "vga_rot_banner:rot_banner_unit|altera_dual_port_ram_sync:video_ram|altsyncram:ram_rtl_0"
Info (12133): Instantiated megafunction "vga_rot_banner:rot_banner_unit|altera_dual_port_ram_sync:video_ram|altsyncram:ram_rtl_0" with the following parameter:
    Info (12134): Parameter "OPERATION_MODE" = "BIDIR_DUAL_PORT"
    Info (12134): Parameter "WIDTH_A" = "7"
    Info (12134): Parameter "WIDTH_B" = "7"
    Info (12134): Parameter "WIDTHAD_A" = "8"
    Info (12134): Parameter "WIDTHAD_B" = "8"
    Info (12134): Parameter "NUMWORDS_A" = "256"
    Info (12134): Parameter "NUMWORDS_B" = "256"
    Info (12134): Parameter "OUTDATA_REG_A" = "UNREGISTERED"
    Info (12134): Parameter "OUTDATA_REG_B" = "UNREGISTERED"
    Info (12134): Parameter "ADDRESS_REG_B" = "CLOCK0"
    Info (12134): Parameter "INDATA_REG_B" = "CLOCK0"
    Info (12134): Parameter "WRCONTROL_WRADDRESS_REG_B" = "CLOCK0"
    Info (12134): Parameter "INDATA_ACLR_A" = "NONE"
    Info (12134): Parameter "WRCONTROL_ACLR_A" = "NONE"
    Info (12134): Parameter "ADDRESS_ACLR_A" = "NONE"
    Info (12134): Parameter "ADDRESS_ACLR_B" = "NONE"
    Info (12134): Parameter "OUTDATA_ACLR_B" = "NONE"
Info (12021): Found 1 design units, including 1 entities, in source file db/altsyncram_1gl1.tdf
    Info (12023): Found entity 1: altsyncram_1gl1
Info (12130): Elaborated megafunction instantiation "vga_rot_banner:rot_banner_unit|font_rom:font_unit|altsyncram:Mux7_rtl_0"
Info (12133): Instantiated megafunction "vga_rot_banner:rot_banner_unit|font_rom:font_unit|altsyncram:Mux7_rtl_0" with the following parameter:
    Info (12134): Parameter "OPERATION_MODE" = "ROM"
    Info (12134): Parameter "WIDTH_A" = "8"
    Info (12134): Parameter "WIDTHAD_A" = "11"
    Info (12134): Parameter "NUMWORDS_A" = "2048"
    Info (12134): Parameter "OUTDATA_REG_A" = "UNREGISTERED"
    Info (12134): Parameter "RAM_BLOCK_TYPE" = "AUTO"
    Info (12134): Parameter "INIT_FILE" = "vga_rot_banner.rot_banner_test0.rtl.mif"
Info (12021): Found 1 design units, including 1 entities, in source file db/altsyncram_g311.tdf
    Info (12023): Found entity 1: altsyncram_g311
Warning (13012): Latch vga_rot_banner:rot_banner_unit|text_rgb[1] has unsafe behavior
    Warning (13013): Ports ENA and CLR on the latch are fed by the same signal vga_sync:vga_sync_unit|v_count_reg[8]
Warning (13024): Output pins are stuck at VCC or GND
    Warning (13410): Pin "VGA_R[0]" is stuck at GND
    Warning (13410): Pin "VGA_R[1]" is stuck at GND
    Warning (13410): Pin "VGA_R[2]" is stuck at GND
    Warning (13410): Pin "VGA_B[0]" is stuck at GND
    Warning (13410): Pin "VGA_B[1]" is stuck at GND
    Warning (13410): Pin "VGA_B[2]" is stuck at GND
Info (17049): 24 registers lost all their fanouts during netlist optimizations.
Info (16010): Generating hard_block partition "hard_block:auto_generated_inst"
    Info (16011): Adding 0 node(s), including 0 DDIO, 0 PLL, 0 transceiver and 0 LCELL
Warning (21074): Design contains 10 input pin(s) that do not drive logic
    Warning (15610): No output dependent on input pin "KEY[1]"
    Warning (15610): No output dependent on input pin "KEY[2]"
    Warning (15610): No output dependent on input pin "KEY[3]"
    Warning (15610): No output dependent on input pin "SW[0]"
    Warning (15610): No output dependent on input pin "SW[1]"
    Warning (15610): No output dependent on input pin "SW[2]"
    Warning (15610): No output dependent on input pin "SW[3]"
    Warning (15610): No output dependent on input pin "SW[4]"
    Warning (15610): No output dependent on input pin "SW[5]"
    Warning (15610): No output dependent on input pin "SW[6]"
Info (21057): Implemented 252 device resources after synthesis - the final resource count might be different
    Info (21058): Implemented 12 input pins
    Info (21059): Implemented 11 output pins
    Info (21061): Implemented 214 logic cells
    Info (21064): Implemented 15 RAM segments
Info: Quartus II 64-Bit Analysis & Synthesis was successful. 0 errors, 25 warnings
    Info: Peak virtual memory: 4658 megabytes
    Info: Processing ended: Sat Jan 18 09:03:22 2020
    Info: Elapsed time: 00:00:04
    Info: Total CPU time (on all processors): 00:00:04


